2020-03-24 15:33:58.823 INFO [restartedMain]com.example.demo.DemoApplication.logStarting:55 -Starting DemoApplication on DESKTOP-AJA2NB9 with PID 17236 (D:\IDEA\demo\demo\target\classes started by 迪 in D:\IDEA\demo\demo)
2020-03-24 15:33:58.826 INFO [restartedMain]com.example.demo.DemoApplication.logStartupProfileInfo:651 -No active profile set, falling back to default profiles: default
2020-03-24 15:33:58.900 INFO [restartedMain]o.s.b.devtools.env.DevToolsPropertyDefaultsPostProcessor.logTo:225 -Devtools property defaults active! Set 'spring.devtools.add-properties' to 'false' to disable
2020-03-24 15:33:58.900 INFO [restartedMain]o.s.b.devtools.env.DevToolsPropertyDefaultsPostProcessor.logTo:225 -For additional web related logging consider setting the 'logging.level.web' property to 'DEBUG'
2020-03-24 15:33:59.468 INFO [restartedMain]o.s.d.repository.config.RepositoryConfigurationDelegate.multipleStoresDetected:249 -Multiple Spring Data modules found, entering strict repository configuration mode!
2020-03-24 15:33:59.470 INFO [restartedMain]o.s.d.repository.config.RepositoryConfigurationDelegate.registerRepositoriesIn:127 -Bootstrapping Spring Data Redis repositories in DEFAULT mode.
2020-03-24 15:33:59.495 INFO [restartedMain]o.s.d.repository.config.RepositoryConfigurationDelegate.registerRepositoriesIn:187 -Finished Spring Data repository scanning in 13ms. Found 0 Redis repository interfaces.
2020-03-24 15:33:59.965 INFO [restartedMain]o.s.boot.web.embedded.tomcat.TomcatWebServer.initialize:92 -Tomcat initialized with port(s): 8081 (http)
2020-03-24 15:33:59.972 INFO [restartedMain]org.apache.coyote.http11.Http11NioProtocol.log:173 -Initializing ProtocolHandler ["http-nio-8081"]
2020-03-24 15:33:59.972 INFO [restartedMain]org.apache.catalina.core.StandardService.log:173 -Starting service [Tomcat]
2020-03-24 15:33:59.973 INFO [restartedMain]org.apache.catalina.core.StandardEngine.log:173 -Starting Servlet engine: [Apache Tomcat/9.0.31]
2020-03-24 15:34:00.046 INFO [restartedMain]o.a.catalina.core.ContainerBase.[Tomcat].[localhost].[/].log:173 -Initializing Spring embedded WebApplicationContext
2020-03-24 15:34:00.046 INFO [restartedMain]org.springframework.web.context.ContextLoader.prepareWebApplicationContext:284 -Root WebApplicationContext: initialization completed in 1142 ms
2020-03-24 15:34:00.390 INFO [restartedMain]o.s.scheduling.concurrent.ThreadPoolTaskExecutor.initialize:181 -Initializing ExecutorService 'applicationTaskExecutor'
2020-03-24 15:34:00.718 INFO [restartedMain]o.s.boot.devtools.autoconfigure.OptionalLiveReloadServer.startServer:58 -LiveReload server is running on port 35729
2020-03-24 15:34:00.737 INFO [restartedMain]org.apache.coyote.http11.Http11NioProtocol.log:173 -Starting ProtocolHandler ["http-nio-8081"]
2020-03-24 15:34:00.752 INFO [restartedMain]o.s.boot.web.embedded.tomcat.TomcatWebServer.start:204 -Tomcat started on port(s): 8081 (http) with context path ''
2020-03-24 15:34:00.754 INFO [restartedMain]com.example.demo.DemoApplication.logStarted:61 -Started DemoApplication in 2.395 seconds (JVM running for 3.734)
2020-03-24 15:36:10.908 INFO [http-nio-8081-exec-1]o.a.catalina.core.ContainerBase.[Tomcat].[localhost].[/].log:173 -Initializing Spring DispatcherServlet 'dispatcherServlet'
2020-03-24 15:36:10.909 INFO [http-nio-8081-exec-1]org.springframework.web.servlet.DispatcherServlet.initServletBean:525 -Initializing Servlet 'dispatcherServlet'
2020-03-24 15:36:10.917 INFO [http-nio-8081-exec-1]org.springframework.web.servlet.DispatcherServlet.initServletBean:547 -Completed initialization in 7 ms
2020-03-24 15:36:10.976 INFO [http-nio-8081-exec-1]com.alibaba.druid.pool.DruidDataSource.init:914 -{dataSource-1} inited
2020-03-24 15:36:11.055 INFO [http-nio-8081-exec-1]dataLogger.save:45 -module=video_order`api=save`user_id=1`video_id=1
2020-03-24 17:32:50.723 INFO [restartedMain]com.example.demo.DemoApplication.logStarting:55 -Starting DemoApplication on DESKTOP-AJA2NB9 with PID 10180 (D:\IDEA\demo\demo\target\classes started by 迪 in D:\IDEA\demo\demo)
2020-03-24 17:32:50.726 INFO [restartedMain]com.example.demo.DemoApplication.logStartupProfileInfo:651 -No active profile set, falling back to default profiles: default
2020-03-24 17:32:50.824 INFO [restartedMain]o.s.b.devtools.env.DevToolsPropertyDefaultsPostProcessor.logTo:225 -Devtools property defaults active! Set 'spring.devtools.add-properties' to 'false' to disable
2020-03-24 17:32:50.824 INFO [restartedMain]o.s.b.devtools.env.DevToolsPropertyDefaultsPostProcessor.logTo:225 -For additional web related logging consider setting the 'logging.level.web' property to 'DEBUG'
2020-03-24 17:32:51.394 INFO [restartedMain]o.s.d.repository.config.RepositoryConfigurationDelegate.multipleStoresDetected:249 -Multiple Spring Data modules found, entering strict repository configuration mode!
2020-03-24 17:32:51.401 INFO [restartedMain]o.s.d.repository.config.RepositoryConfigurationDelegate.registerRepositoriesIn:127 -Bootstrapping Spring Data Redis repositories in DEFAULT mode.
2020-03-24 17:32:51.441 INFO [restartedMain]o.s.d.repository.config.RepositoryConfigurationDelegate.registerRepositoriesIn:187 -Finished Spring Data repository scanning in 20ms. Found 0 Redis repository interfaces.
2020-03-24 17:32:52.250 INFO [restartedMain]o.s.boot.web.embedded.tomcat.TomcatWebServer.initialize:92 -Tomcat initialized with port(s): 8081 (http)
2020-03-24 17:32:52.267 INFO [restartedMain]org.apache.coyote.http11.Http11NioProtocol.log:173 -Initializing ProtocolHandler ["http-nio-8081"]
2020-03-24 17:32:52.269 INFO [restartedMain]org.apache.catalina.core.StandardService.log:173 -Starting service [Tomcat]
2020-03-24 17:32:52.269 INFO [restartedMain]org.apache.catalina.core.StandardEngine.log:173 -Starting Servlet engine: [Apache Tomcat/9.0.31]
2020-03-24 17:32:52.375 INFO [restartedMain]o.a.catalina.core.ContainerBase.[Tomcat].[localhost].[/].log:173 -Initializing Spring embedded WebApplicationContext
2020-03-24 17:32:52.375 INFO [restartedMain]org.springframework.web.context.ContextLoader.prepareWebApplicationContext:284 -Root WebApplicationContext: initialization completed in 1551 ms
2020-03-24 17:32:52.886 INFO [restartedMain]o.s.scheduling.concurrent.ThreadPoolTaskExecutor.initialize:181 -Initializing ExecutorService 'applicationTaskExecutor'
2020-03-24 17:32:53.279 INFO [restartedMain]o.s.boot.devtools.autoconfigure.OptionalLiveReloadServer.startServer:58 -LiveReload server is running on port 35729
2020-03-24 17:32:53.300 INFO [restartedMain]org.apache.coyote.http11.Http11NioProtocol.log:173 -Starting ProtocolHandler ["http-nio-8081"]
2020-03-24 17:32:53.316 INFO [restartedMain]o.s.boot.web.embedded.tomcat.TomcatWebServer.start:204 -Tomcat started on port(s): 8081 (http) with context path ''
2020-03-24 17:32:53.318 INFO [restartedMain]com.example.demo.DemoApplication.logStarted:61 -Started DemoApplication in 3.102 seconds (JVM running for 3.917)
2020-03-24 17:33:11.520 INFO [http-nio-8081-exec-1]o.a.catalina.core.ContainerBase.[Tomcat].[localhost].[/].log:173 -Initializing Spring DispatcherServlet 'dispatcherServlet'
2020-03-24 17:33:11.520 INFO [http-nio-8081-exec-1]org.springframework.web.servlet.DispatcherServlet.initServletBean:525 -Initializing Servlet 'dispatcherServlet'
2020-03-24 17:33:11.523 INFO [http-nio-8081-exec-1]org.springframework.web.servlet.DispatcherServlet.initServletBean:547 -Completed initialization in 3 ms
2020-03-24 17:33:11.608 WARN [http-nio-8081-exec-1]o.s.w.s.m.m.annotation.ExceptionHandlerExceptionResolver.logException:199 -Resolved [java.lang.NullPointerException]
2020-03-24 17:33:55.260 INFO [restartedMain]com.example.demo.DemoApplication.logStarting:55 -Starting DemoApplication on DESKTOP-AJA2NB9 with PID 12172 (D:\IDEA\demo\demo\target\classes started by 迪 in D:\IDEA\demo\demo)
2020-03-24 17:33:55.264 INFO [restartedMain]com.example.demo.DemoApplication.logStartupProfileInfo:651 -No active profile set, falling back to default profiles: default
2020-03-24 17:33:55.364 INFO [restartedMain]o.s.b.devtools.env.DevToolsPropertyDefaultsPostProcessor.logTo:225 -Devtools property defaults active! Set 'spring.devtools.add-properties' to 'false' to disable
2020-03-24 17:33:55.365 INFO [restartedMain]o.s.b.devtools.env.DevToolsPropertyDefaultsPostProcessor.logTo:225 -For additional web related logging consider setting the 'logging.level.web' property to 'DEBUG'
2020-03-24 17:33:55.850 INFO [restartedMain]o.s.d.repository.config.RepositoryConfigurationDelegate.multipleStoresDetected:249 -Multiple Spring Data modules found, entering strict repository configuration mode!
2020-03-24 17:33:55.852 INFO [restartedMain]o.s.d.repository.config.RepositoryConfigurationDelegate.registerRepositoriesIn:127 -Bootstrapping Spring Data Redis repositories in DEFAULT mode.
2020-03-24 17:33:55.874 INFO [restartedMain]o.s.d.repository.config.RepositoryConfigurationDelegate.registerRepositoriesIn:187 -Finished Spring Data repository scanning in 12ms. Found 0 Redis repository interfaces.
2020-03-24 17:33:56.282 INFO [restartedMain]o.s.boot.web.embedded.tomcat.TomcatWebServer.initialize:92 -Tomcat initialized with port(s): 8081 (http)
2020-03-24 17:33:56.288 INFO [restartedMain]org.apache.coyote.http11.Http11NioProtocol.log:173 -Initializing ProtocolHandler ["http-nio-8081"]
2020-03-24 17:33:56.288 INFO [restartedMain]org.apache.catalina.core.StandardService.log:173 -Starting service [Tomcat]
2020-03-24 17:33:56.289 INFO [restartedMain]org.apache.catalina.core.StandardEngine.log:173 -Starting Servlet engine: [Apache Tomcat/9.0.31]
2020-03-24 17:33:56.345 INFO [restartedMain]o.a.catalina.core.ContainerBase.[Tomcat].[localhost].[/].log:173 -Initializing Spring embedded WebApplicationContext
2020-03-24 17:33:56.346 INFO [restartedMain]org.springframework.web.context.ContextLoader.prepareWebApplicationContext:284 -Root WebApplicationContext: initialization completed in 981 ms
2020-03-24 17:33:56.692 INFO [restartedMain]o.s.scheduling.concurrent.ThreadPoolTaskExecutor.initialize:181 -Initializing ExecutorService 'applicationTaskExecutor'
2020-03-24 17:33:57.006 INFO [restartedMain]o.s.boot.devtools.autoconfigure.OptionalLiveReloadServer.startServer:58 -LiveReload server is running on port 35729
2020-03-24 17:33:57.026 INFO [restartedMain]org.apache.coyote.http11.Http11NioProtocol.log:173 -Starting ProtocolHandler ["http-nio-8081"]
2020-03-24 17:33:57.042 INFO [restartedMain]o.s.boot.web.embedded.tomcat.TomcatWebServer.start:204 -Tomcat started on port(s): 8081 (http) with context path ''
2020-03-24 17:33:57.044 INFO [restartedMain]com.example.demo.DemoApplication.logStarted:61 -Started DemoApplication in 2.201 seconds (JVM running for 2.84)
2020-03-24 17:34:00.757 INFO [http-nio-8081-exec-1]o.a.catalina.core.ContainerBase.[Tomcat].[localhost].[/].log:173 -Initializing Spring DispatcherServlet 'dispatcherServlet'
2020-03-24 17:34:00.757 INFO [http-nio-8081-exec-1]org.springframework.web.servlet.DispatcherServlet.initServletBean:525 -Initializing Servlet 'dispatcherServlet'
2020-03-24 17:34:00.761 INFO [http-nio-8081-exec-1]org.springframework.web.servlet.DispatcherServlet.initServletBean:547 -Completed initialization in 4 ms
2020-03-24 17:34:00.843 INFO [http-nio-8081-exec-1]com.alibaba.druid.pool.DruidDataSource.init:914 -{dataSource-1} inited
2020-03-24 17:34:00.975 INFO [http-nio-8081-exec-1]dataLogger.save:45 -module=video_order`api=save`user_id=1`video_id=1
2020-03-24 17:35:46.037 INFO [restartedMain]com.example.demo.DemoApplication.logStarting:55 -Starting DemoApplication on DESKTOP-AJA2NB9 with PID 10580 (D:\IDEA\demo\demo\target\classes started by 迪 in D:\IDEA\demo\demo)
2020-03-24 17:35:46.041 INFO [restartedMain]com.example.demo.DemoApplication.logStartupProfileInfo:651 -No active profile set, falling back to default profiles: default
2020-03-24 17:35:46.123 INFO [restartedMain]o.s.b.devtools.env.DevToolsPropertyDefaultsPostProcessor.logTo:225 -Devtools property defaults active! Set 'spring.devtools.add-properties' to 'false' to disable
2020-03-24 17:35:46.123 INFO [restartedMain]o.s.b.devtools.env.DevToolsPropertyDefaultsPostProcessor.logTo:225 -For additional web related logging consider setting the 'logging.level.web' property to 'DEBUG'
2020-03-24 17:35:46.626 INFO [restartedMain]o.s.d.repository.config.RepositoryConfigurationDelegate.multipleStoresDetected:249 -Multiple Spring Data modules found, entering strict repository configuration mode!
2020-03-24 17:35:46.627 INFO [restartedMain]o.s.d.repository.config.RepositoryConfigurationDelegate.registerRepositoriesIn:127 -Bootstrapping Spring Data Redis repositories in DEFAULT mode.
2020-03-24 17:35:46.654 INFO [restartedMain]o.s.d.repository.config.RepositoryConfigurationDelegate.registerRepositoriesIn:187 -Finished Spring Data repository scanning in 13ms. Found 0 Redis repository interfaces.
2020-03-24 17:35:47.149 INFO [restartedMain]o.s.boot.web.embedded.tomcat.TomcatWebServer.initialize:92 -Tomcat initialized with port(s): 8081 (http)
2020-03-24 17:35:47.156 INFO [restartedMain]org.apache.coyote.http11.Http11NioProtocol.log:173 -Initializing ProtocolHandler ["http-nio-8081"]
2020-03-24 17:35:47.157 INFO [restartedMain]org.apache.catalina.core.StandardService.log:173 -Starting service [Tomcat]
2020-03-24 17:35:47.157 INFO [restartedMain]org.apache.catalina.core.StandardEngine.log:173 -Starting Servlet engine: [Apache Tomcat/9.0.31]
2020-03-24 17:35:47.227 INFO [restartedMain]o.a.catalina.core.ContainerBase.[Tomcat].[localhost].[/].log:173 -Initializing Spring embedded WebApplicationContext
2020-03-24 17:35:47.228 INFO [restartedMain]org.springframework.web.context.ContextLoader.prepareWebApplicationContext:284 -Root WebApplicationContext: initialization completed in 1105 ms
2020-03-24 17:35:47.654 INFO [restartedMain]o.s.scheduling.concurrent.ThreadPoolTaskExecutor.initialize:181 -Initializing ExecutorService 'applicationTaskExecutor'
2020-03-24 17:35:48.083 INFO [restartedMain]o.s.boot.devtools.autoconfigure.OptionalLiveReloadServer.startServer:58 -LiveReload server is running on port 35729
2020-03-24 17:35:48.104 INFO [restartedMain]org.apache.coyote.http11.Http11NioProtocol.log:173 -Starting ProtocolHandler ["http-nio-8081"]
2020-03-24 17:35:48.127 INFO [restartedMain]o.s.boot.web.embedded.tomcat.TomcatWebServer.start:204 -Tomcat started on port(s): 8081 (http) with context path ''
2020-03-24 17:35:48.130 INFO [restartedMain]com.example.demo.DemoApplication.logStarted:61 -Started DemoApplication in 2.573 seconds (JVM running for 3.462)
2020-03-24 17:35:52.037 INFO [http-nio-8081-exec-1]o.a.catalina.core.ContainerBase.[Tomcat].[localhost].[/].log:173 -Initializing Spring DispatcherServlet 'dispatcherServlet'
2020-03-24 17:35:52.037 INFO [http-nio-8081-exec-1]org.springframework.web.servlet.DispatcherServlet.initServletBean:525 -Initializing Servlet 'dispatcherServlet'
2020-03-24 17:35:52.042 INFO [http-nio-8081-exec-1]org.springframework.web.servlet.DispatcherServlet.initServletBean:547 -Completed initialization in 5 ms
2020-03-24 17:35:52.107 INFO [http-nio-8081-exec-1]com.alibaba.druid.pool.DruidDataSource.init:914 -{dataSource-1} inited
2020-03-24 17:35:52.189 INFO [http-nio-8081-exec-1]dataLogger.save:45 -module=video_order`api=save`user_id=1`video_id=1
2020-03-24 17:38:06.577 INFO [SpringContextShutdownHook]o.s.scheduling.concurrent.ThreadPoolTaskExecutor.shutdown:218 -Shutting down ExecutorService 'applicationTaskExecutor'
2020-03-24 17:38:06.580 INFO [SpringContextShutdownHook]com.alibaba.druid.pool.DruidDataSource.close:1689 -{dataSource-1} closed
2020-03-24 17:38:09.403 INFO [restartedMain]com.example.demo.DemoApplication.logStarting:55 -Starting DemoApplication on DESKTOP-AJA2NB9 with PID 13976 (D:\IDEA\demo\demo\target\classes started by 迪 in D:\IDEA\demo\demo)
2020-03-24 17:38:09.408 INFO [restartedMain]com.example.demo.DemoApplication.logStartupProfileInfo:651 -No active profile set, falling back to default profiles: default
2020-03-24 17:38:09.503 INFO [restartedMain]o.s.b.devtools.env.DevToolsPropertyDefaultsPostProcessor.logTo:225 -Devtools property defaults active! Set 'spring.devtools.add-properties' to 'false' to disable
2020-03-24 17:38:09.504 INFO [restartedMain]o.s.b.devtools.env.DevToolsPropertyDefaultsPostProcessor.logTo:225 -For additional web related logging consider setting the 'logging.level.web' property to 'DEBUG'
2020-03-24 17:38:10.074 INFO [restartedMain]o.s.d.repository.config.RepositoryConfigurationDelegate.multipleStoresDetected:249 -Multiple Spring Data modules found, entering strict repository configuration mode!
2020-03-24 17:38:10.076 INFO [restartedMain]o.s.d.repository.config.RepositoryConfigurationDelegate.registerRepositoriesIn:127 -Bootstrapping Spring Data Redis repositories in DEFAULT mode.
2020-03-24 17:38:10.103 INFO [restartedMain]o.s.d.repository.config.RepositoryConfigurationDelegate.registerRepositoriesIn:187 -Finished Spring Data repository scanning in 14ms. Found 0 Redis repository interfaces.
2020-03-24 17:38:10.674 INFO [restartedMain]o.s.boot.web.embedded.tomcat.TomcatWebServer.initialize:92 -Tomcat initialized with port(s): 8081 (http)
2020-03-24 17:38:10.682 INFO [restartedMain]org.apache.coyote.http11.Http11NioProtocol.log:173 -Initializing ProtocolHandler ["http-nio-8081"]
2020-03-24 17:38:10.683 INFO [restartedMain]org.apache.catalina.core.StandardService.log:173 -Starting service [Tomcat]
2020-03-24 17:38:10.683 INFO [restartedMain]org.apache.catalina.core.StandardEngine.log:173 -Starting Servlet engine: [Apache Tomcat/9.0.31]
2020-03-24 17:38:10.761 INFO [restartedMain]o.a.catalina.core.ContainerBase.[Tomcat].[localhost].[/].log:173 -Initializing Spring embedded WebApplicationContext
2020-03-24 17:38:10.761 INFO [restartedMain]org.springframework.web.context.ContextLoader.prepareWebApplicationContext:284 -Root WebApplicationContext: initialization completed in 1257 ms
2020-03-24 17:38:11.192 INFO [restartedMain]o.s.scheduling.concurrent.ThreadPoolTaskExecutor.initialize:181 -Initializing ExecutorService 'applicationTaskExecutor'
2020-03-24 17:38:11.670 INFO [restartedMain]o.s.boot.devtools.autoconfigure.OptionalLiveReloadServer.startServer:58 -LiveReload server is running on port 35729
2020-03-24 17:38:11.693 INFO [restartedMain]org.apache.coyote.http11.Http11NioProtocol.log:173 -Starting ProtocolHandler ["http-nio-8081"]
2020-03-24 17:38:11.714 INFO [restartedMain]o.s.boot.web.embedded.tomcat.TomcatWebServer.start:204 -Tomcat started on port(s): 8081 (http) with context path ''
2020-03-24 17:38:11.716 INFO [restartedMain]com.example.demo.DemoApplication.logStarted:61 -Started DemoApplication in 2.791 seconds (JVM running for 3.58)
2020-03-24 17:38:15.256 INFO [http-nio-8081-exec-1]o.a.catalina.core.ContainerBase.[Tomcat].[localhost].[/].log:173 -Initializing Spring DispatcherServlet 'dispatcherServlet'
2020-03-24 17:38:15.257 INFO [http-nio-8081-exec-1]org.springframework.web.servlet.DispatcherServlet.initServletBean:525 -Initializing Servlet 'dispatcherServlet'
2020-03-24 17:38:15.261 INFO [http-nio-8081-exec-1]org.springframework.web.servlet.DispatcherServlet.initServletBean:547 -Completed initialization in 4 ms
2020-03-24 17:38:15.322 INFO [http-nio-8081-exec-1]com.alibaba.druid.pool.DruidDataSource.init:914 -{dataSource-1} inited
2020-03-24 17:38:15.407 INFO [http-nio-8081-exec-1]dataLogger.save:45 -module=video_order`api=save`user_id=1`video_id=1
2020-03-24 17:39:05.747 INFO [SpringContextShutdownHook]o.s.scheduling.concurrent.ThreadPoolTaskExecutor.shutdown:218 -Shutting down ExecutorService 'applicationTaskExecutor'
2020-03-24 17:39:05.750 INFO [SpringContextShutdownHook]com.alibaba.druid.pool.DruidDataSource.close:1689 -{dataSource-1} closed
2020-03-24 17:39:07.921 INFO [restartedMain]com.example.demo.DemoApplication.logStarting:55 -Starting DemoApplication on DESKTOP-AJA2NB9 with PID 17292 (D:\IDEA\demo\demo\target\classes started by 迪 in D:\IDEA\demo\demo)
2020-03-24 17:39:07.926 INFO [restartedMain]com.example.demo.DemoApplication.logStartupProfileInfo:651 -No active profile set, falling back to default profiles: default
2020-03-24 17:39:08.039 INFO [restartedMain]o.s.b.devtools.env.DevToolsPropertyDefaultsPostProcessor.logTo:225 -Devtools property defaults active! Set 'spring.devtools.add-properties' to 'false' to disable
2020-03-24 17:39:08.039 INFO [restartedMain]o.s.b.devtools.env.DevToolsPropertyDefaultsPostProcessor.logTo:225 -For additional web related logging consider setting the 'logging.level.web' property to 'DEBUG'
